<?xml version="1.0" encoding="UTF-8"?>
<testsuite name="ArenaTestes" tests="1" skipped="0" failures="0" errors="0" timestamp="2022-11-24T22:22:21" hostname="DESKTOP-O88UV1Q" time="0.034">
  <properties/>
  <testcase name="numberOfCells()" classname="ArenaTestes" time="0.034"/>
  <system-out><![CDATA[]]></system-out>
  <system-err><![CDATA[]]></system-err>
</testsuite>
